<?xml version="1.0" encoding="UTF-8"?>
<!-- Generated by org.testng.reporters.JUnitXMLReporter -->
<testsuite ignored="0" hostname="VDL171" failures="1" tests="1" name="Chrome Test" time="1.155" errors="0" timestamp="2025-04-05T20:40:43 IST">
  <testcase classname="io.cucumber.testng.AbstractTestNGCucumberTests" name="runScenario" time="0.296">
    <failure type="java.lang.AssertionError" message="Exception occurred: IllegalArgumentException - Unsupported browser: chrome  # Can be chrome, edge, firefox">
      <![CDATA[java.lang.AssertionError: Exception occurred: IllegalArgumentException - Unsupported browser: chrome  # Can be chrome, edge, firefox
at Utils.HelperClass.handleException(HelperClass.java:124)
at Utils.HelperClass.initializeDriver(HelperClass.java:75)
at Definitions.Hooks.setUp(Hooks.java:21)
... Removed 1 stack frames]]>
    </failure>
  </testcase> <!-- runScenario -->
</testsuite> <!-- Chrome Test -->
