<?xml version="1.0" encoding="UTF-8"?>
<!-- Generated by org.testng.reporters.JUnitXMLReporter -->
<testsuite ignored="0" hostname="VDL171" failures="4" tests="4" name="Cucumber Tests" time="57.993" errors="0" timestamp="2025-04-05T19:30:47 IST">
  <testcase classname="io.cucumber.testng.AbstractTestNGCucumberTests" name="runScenario" time="0.005">
    <failure type="org.testng.internal.reflect.MethodMatcherException" message="
[public void io.cucumber.testng.AbstractTestNGCucumberTests.runScenario(io.cucumber.testng.PickleWrapper,io.cucumber.testng.FeatureWrapper)] has no parameters defined but was found to be using a data provider (either explicitly specified or inherited from class level annotation).
Data provider mismatch
Method: runScenario([Parameter{index=0, type=io.cucumber.testng.PickleWrapper, declaredAnnotations=[]}, Parameter{index=1, type=io.cucumber.testng.FeatureWrapper, declaredAnnotations=[]}])
Arguments: [(java.lang.String) config1,(io.cucumber.testng.PickleWrapperImpl) &amp;quot;Validate Search Functionality&amp;quot;,(io.cucumber.testng.FeatureWrapperImpl) &amp;quot;Search Validation on HomePage&amp;quot;]">
      <![CDATA[org.testng.internal.reflect.MethodMatcherException: 
[public void io.cucumber.testng.AbstractTestNGCucumberTests.runScenario(io.cucumber.testng.PickleWrapper,io.cucumber.testng.FeatureWrapper)] has no parameters defined but was found to be using a data provider (either explicitly specified or inherited from class level annotation).
Data provider mismatch
Method: runScenario([Parameter{index=0, type=io.cucumber.testng.PickleWrapper, declaredAnnotations=[]}, Parameter{index=1, type=io.cucumber.testng.FeatureWrapper, declaredAnnotations=[]}])
Arguments: [(java.lang.String) config1,(io.cucumber.testng.PickleWrapperImpl) "Validate Search Functionality",(io.cucumber.testng.FeatureWrapperImpl) "Search Validation on HomePage"]
at java.base/java.util.ArrayList.forEach(ArrayList.java:1597)
at java.base/java.util.concurrent.FutureTask.run(FutureTask.java:317)
at java.base/java.util.concurrent.ThreadPoolExecutor.runWorker(ThreadPoolExecutor.java:1144)
at java.base/java.util.concurrent.ThreadPoolExecutor$Worker.run(ThreadPoolExecutor.java:642)
at java.base/java.lang.Thread.run(Thread.java:1570)
... Removed 13 stack frames]]>
    </failure>
  </testcase> <!-- runScenario -->
  <testcase classname="Runner.RunnerTest" name="runScenario" time="3.016">
    <failure type="java.lang.AssertionError" message="An exception occurred: SessionNotCreatedException">
      <![CDATA[java.lang.AssertionError: An exception occurred: SessionNotCreatedException
at Utils.HelperClass.handleException(HelperClass.java:121)
at Utils.HelperClass.initializeDriver(HelperClass.java:99)
at Utils.HelperClass.<init>(HelperClass.java:30)
at Definitions.Hooks.setUp(Hooks.java:20)
... Removed 1 stack frames]]>
    </failure>
  </testcase> <!-- runScenario -->
  <testcase classname="Runner.RunnerTest" name="runScenario" time="3.016">
    <failure type="java.lang.AssertionError" message="An exception occurred: SessionNotCreatedException">
      <![CDATA[java.lang.AssertionError: An exception occurred: SessionNotCreatedException
at Utils.HelperClass.handleException(HelperClass.java:121)
at Utils.HelperClass.initializeDriver(HelperClass.java:99)
at Utils.HelperClass.<init>(HelperClass.java:30)
at Definitions.Hooks.setUp(Hooks.java:20)
... Removed 1 stack frames]]>
    </failure>
  </testcase> <!-- runScenario -->
  <testcase classname="Runner.RunnerTest" name="runScenario" time="55.639">
    <failure type="java.lang.AssertionError" message="An exception occurred: TimeoutException">
      <![CDATA[java.lang.AssertionError: An exception occurred: TimeoutException
at Utils.HelperClass.handleException(HelperClass.java:121)
at TestCases.SearchValidation.verify_if_the_user_can_click_on_the_search_box_enter_any_tool_or_equipment_category_and_ensure_that_suggestions_are_displayed(SearchValidation.java:64)
at âœ½.Verify if the user can click on the search box, enter any Tool or Equipment category, and ensure that suggestions are displayed(file:///C:/Users/Sathik/eclipse-workspace/Shop_HighLine_Project/src/test/resources/features/Animation.feature:5)
... Removed 1 stack frames]]>
    </failure>
  </testcase> <!-- runScenario -->
</testsuite> <!-- Cucumber Tests -->
