<?xml version="1.0" encoding="UTF-8"?>
<!-- Generated by org.testng.reporters.JUnitXMLReporter -->
<testsuite ignored="0" hostname="VDL171" failures="1" tests="1" name="Cucumber Test" time="0.832" errors="0" timestamp="2025-04-05T22:59:57 IST">
  <testcase classname="io.cucumber.testng.AbstractTestNGCucumberTests" name="runScenario" time="0.453">
    <failure type="java.lang.AssertionError" message="Could not start a new session. Possible causes are invalid address of the remote server or browser start-up failure. 
Host info: host: &amp;apos;VDL171&amp;apos;, ip: &amp;apos;192.168.128.253&amp;apos;
Build info: version: &amp;apos;4.21.0&amp;apos;, revision: &amp;apos;79ed462ef4&amp;apos;
System info: os.name: &amp;apos;Windows 10&amp;apos;, os.arch: &amp;apos;amd64&amp;apos;, os.version: &amp;apos;10.0&amp;apos;, java.version: &amp;apos;22.0.2&amp;apos;
Driver info: org.openqa.selenium.remote.RemoteWebDriver
Command: [null, newSession {capabilities=[Capabilities {browserName: chrome, browserVersion: latest, bstack:options: Capabilities {local: false,..., build: ShopHighLine Automation Tes..., name: ShopHighLine Execution}]}]
Capabilities {browserName: chrome, browserVersion: latest, bstack:options: Capabilities {local: false,..., build: ShopHighLine Automation Tes..., name: ShopHighLine Execution}">
      <![CDATA[java.lang.AssertionError: Could not start a new session. Possible causes are invalid address of the remote server or browser start-up failure. 
Host info: host: 'VDL171', ip: '192.168.128.253'
Build info: version: '4.21.0', revision: '79ed462ef4'
System info: os.name: 'Windows 10', os.arch: 'amd64', os.version: '10.0', java.version: '22.0.2'
Driver info: org.openqa.selenium.remote.RemoteWebDriver
Command: [null, newSession {capabilities=[Capabilities {browserName: chrome, browserVersion: latest, bstack:options: Capabilities {local: false,..., build: ShopHighLine Automation Tes..., name: ShopHighLine Execution}]}]
Capabilities {browserName: chrome, browserVersion: latest, bstack:options: Capabilities {local: false,..., build: ShopHighLine Automation Tes..., name: ShopHighLine Execution}
at Utils.HelperClass.handleException(HelperClass.java:139)
at Utils.HelperClass.<init>(HelperClass.java:38)
at Utils.HelperClass.getInstance(HelperClass.java:44)
at Definitions.Hooks.setup(Hooks.java:15)
... Removed 1 stack frames]]>
    </failure>
  </testcase> <!-- runScenario -->
</testsuite> <!-- Cucumber Test -->
