<?xml version="1.0" encoding="UTF-8"?>
<!-- Generated by org.testng.reporters.JUnitReportReporter -->
<testsuite hostname="VDL171" failures="0" tests="1" name="Runner.ReRunnerTest" time="5.652" errors="1" timestamp="2025-04-05T17:05:57 IST" skipped="0">
  <testcase classname="Runner.ReRunnerTest" name="runScenario" time="5.652">
    <error message="The step &#039;Verify whether the user has been on the HomePage&#039; and 4 other step(s) are undefined.
You can implement these steps using the snippet(s) below:

@When(&quot;Verify whether the user has been on the HomePage&quot;)
public void verify_whether_the_user_has_been_on_the_home_page() {
    // Write code here that turns the phrase above into concrete actions
    throw new io.cucumber.java.PendingException();
}
@When(&quot;Verify if the user can click on the search box, enter any Tool or Equipment category, and ensure that suggestions are displayed&quot;)
public void verify_if_the_user_can_click_on_the_search_box_enter_any_tool_or_equipment_category_and_ensure_that_suggestions_are_displayed() {
    // Write code here that turns the phrase above into concrete actions
    throw new io.cucumber.java.PendingException();
}
@When(&quot;Verify if the user can click on a search suggestion and ensure that the corresponding results are displayed&quot;)
public void verify_if_the_user_can_click_on_a_search_suggestion_and_ensure_that_the_corresponding_results_are_displayed() {
    // Write code here that turns the phrase above into concrete actions
    throw new io.cucumber.java.PendingException();
}
@When(&quot;Verify if the user can open the search result and ensure that the same product is displayed on the Product Details Page&quot;)
public void verify_if_the_user_can_open_the_search_result_and_ensure_that_the_same_product_is_displayed_on_the_product_details_page() {
    // Write code here that turns the phrase above into concrete actions
    throw new io.cucumber.java.PendingException();
}
@When(&quot;Verify if the user fails the validation and the error scenarios are shown in the report&quot;)
public void verify_if_the_user_fails_the_validation_and_the_error_scenarios_are_shown_in_the_report() {
    // Write code here that turns the phrase above into concrete actions
    throw new io.cucumber.java.PendingException();
}
" type="io.cucumber.testng.UndefinedStepException">
      <![CDATA[io.cucumber.testng.UndefinedStepException: The step 'Verify whether the user has been on the HomePage' and 4 other step(s) are undefined.
You can implement these steps using the snippet(s) below:

@When("Verify whether the user has been on the HomePage")
public void verify_whether_the_user_has_been_on_the_home_page() {
    // Write code here that turns the phrase above into concrete actions
    throw new io.cucumber.java.PendingException();
}
@When("Verify if the user can click on the search box, enter any Tool or Equipment category, and ensure that suggestions are displayed")
public void verify_if_the_user_can_click_on_the_search_box_enter_any_tool_or_equipment_category_and_ensure_that_suggestions_are_displayed() {
    // Write code here that turns the phrase above into concrete actions
    throw new io.cucumber.java.PendingException();
}
@When("Verify if the user can click on a search suggestion and ensure that the corresponding results are displayed")
public void verify_if_the_user_can_click_on_a_search_suggestion_and_ensure_that_the_corresponding_results_are_displayed() {
    // Write code here that turns the phrase above into concrete actions
    throw new io.cucumber.java.PendingException();
}
@When("Verify if the user can open the search result and ensure that the same product is displayed on the Product Details Page")
public void verify_if_the_user_can_open_the_search_result_and_ensure_that_the_same_product_is_displayed_on_the_product_details_page() {
    // Write code here that turns the phrase above into concrete actions
    throw new io.cucumber.java.PendingException();
}
@When("Verify if the user fails the validation and the error scenarios are shown in the report")
public void verify_if_the_user_fails_the_validation_and_the_error_scenarios_are_shown_in_the_report() {
    // Write code here that turns the phrase above into concrete actions
    throw new io.cucumber.java.PendingException();
}

at io.cucumber.core.runtime.TestCaseResultObserver.assertTestCasePassed(TestCaseResultObserver.java:69)
at io.cucumber.testng.TestCaseResultObserver.assertTestCasePassed(TestCaseResultObserver.java:23)
at io.cucumber.testng.TestNGCucumberRunner.lambda$runScenario$1(TestNGCucumberRunner.java:133)
at io.cucumber.core.runtime.CucumberExecutionContext.lambda$runTestCase$5(CucumberExecutionContext.java:136)
at io.cucumber.core.runtime.RethrowingThrowableCollector.executeAndThrow(RethrowingThrowableCollector.java:23)
at io.cucumber.core.runtime.CucumberExecutionContext.runTestCase(CucumberExecutionContext.java:136)
at io.cucumber.testng.TestNGCucumberRunner.runScenario(TestNGCucumberRunner.java:129)
at io.cucumber.testng.AbstractTestNGCucumberTests.runScenario(AbstractTestNGCucumberTests.java:35)
at java.base/jdk.internal.reflect.DirectMethodHandleAccessor.invoke(DirectMethodHandleAccessor.java:103)
at java.base/java.lang.reflect.Method.invoke(Method.java:580)
at org.testng.internal.MethodInvocationHelper.invokeMethod(MethodInvocationHelper.java:133)
at org.testng.internal.TestInvoker.invokeMethod(TestInvoker.java:598)
at org.testng.internal.TestInvoker.invokeTestMethod(TestInvoker.java:173)
at org.testng.internal.MethodRunner.runInSequence(MethodRunner.java:46)
at org.testng.internal.TestInvoker$MethodInvocationAgent.invoke(TestInvoker.java:824)
at org.testng.internal.TestInvoker.invokeTestMethods(TestInvoker.java:146)
at org.testng.internal.TestMethodWorker.invokeTestMethods(TestMethodWorker.java:146)
at org.testng.internal.TestMethodWorker.run(TestMethodWorker.java:128)
at java.base/java.util.ArrayList.forEach(ArrayList.java:1597)
at org.testng.TestRunner.privateRun(TestRunner.java:794)
at org.testng.TestRunner.run(TestRunner.java:596)
at org.testng.SuiteRunner.runTest(SuiteRunner.java:377)
at org.testng.SuiteRunner.runSequentially(SuiteRunner.java:371)
at org.testng.SuiteRunner.privateRun(SuiteRunner.java:332)
at org.testng.SuiteRunner.run(SuiteRunner.java:276)
at org.testng.SuiteRunnerWorker.runSuite(SuiteRunnerWorker.java:53)
at org.testng.SuiteRunnerWorker.run(SuiteRunnerWorker.java:96)
at org.testng.TestNG.runSuitesSequentially(TestNG.java:1212)
at org.testng.TestNG.runSuitesLocally(TestNG.java:1134)
at org.testng.TestNG.runSuites(TestNG.java:1063)
at org.testng.TestNG.run(TestNG.java:1031)
at org.testng.remote.AbstractRemoteTestNG.run(AbstractRemoteTestNG.java:115)
at org.testng.remote.RemoteTestNG.initAndRun(RemoteTestNG.java:251)
at org.testng.remote.RemoteTestNG.main(RemoteTestNG.java:77)
]]>
    </error>
  </testcase> <!-- runScenario -->
  <system-out/>
</testsuite> <!-- Runner.ReRunnerTest -->
